2024-05-12 00:42:33 [@DESKTOP-4FI903C]
Внутренний #1: Запуск contract
2024-05-12 00:45:32 [@DESKTOP-4FI903C]
Внутренний #1: Запуск infocom
2024-05-12 00:47:41 [@DESKTOP-4FI903C]
Внутренний #1: Запуск mailgate
2024-05-12 13:15:22 [2@DESKTOP-4FI903C]
Внутренний #1: Запуск session
2024-05-12 15:20:17 [2@DESKTOP-4FI903C]
Внутренний #1: Запуск graph
2024-05-12 15:25:16 [@DESKTOP-4FI903C]
Внутренний #1: Запуск reservation
2024-05-12 15:30:42 [5@DESKTOP-4FI903C]
Внутренний #1: Запуск closeticket
2024-05-12 15:32:13 [@DESKTOP-4FI903C]
Внутренний #1: Запуск alertnotclosed
2024-05-12 15:37:33 [2@DESKTOP-4FI903C]
Внутренний #1: Запуск slaticket
2024-05-12 15:42:35 [2@DESKTOP-4FI903C]
Внутренний #1: Запуск createinquest
2024-05-12 15:42:59 [@DESKTOP-4FI903C]
Внутренний #1: Запуск watcher
2024-05-12 15:43:46 [@DESKTOP-4FI903C]
Внутренний #1: Запуск RecurrentItems
2024-05-12 15:48:56 [@DESKTOP-4FI903C]
Внутренний #1: Запуск planningrecall
2024-05-12 15:50:20 [@DESKTOP-4FI903C]
Внутренний #1: Запуск queuednotification
2024-05-12 16:01:44 [2@DESKTOP-4FI903C]
Внутренний #1: Запуск queuednotificationclean
2024-05-12 19:35:26 [2@DESKTOP-4FI903C]
Внутренний #1: Запуск temp
2024-05-12 19:42:43 [2@DESKTOP-4FI903C]
Internal #1: Launch mailgateerror
2024-05-12 19:49:27 [2@DESKTOP-4FI903C]
Internal #1: Launch certificate
2024-05-12 19:49:32 [@DESKTOP-4FI903C]
Внутренний #1: Запуск olaticket
2024-05-12 19:49:42 [@DESKTOP-4FI903C]
Внутренний #1: Запуск mailgate
2024-05-12 21:00:24 [2@DESKTOP-4FI903C]
Internal #1: Launch slaticket
2024-05-12 21:23:27 [2@DESKTOP-4FI903C]
Internal #1: Launch queuednotification
2024-05-12 21:31:53 [2@DESKTOP-4FI903C]
Внутренний #1: Запуск planningrecall
2024-05-12 21:31:59 [@DESKTOP-4FI903C]
Внутренний #1: Запуск graph
2024-05-12 21:41:38 [2@DESKTOP-4FI903C]
Внутренний #1: Запуск reservation
2024-05-12 21:53:12 [2@DESKTOP-4FI903C]
Внутренний #1: Запуск RecurrentItems
2024-05-12 21:58:42 [2@DESKTOP-4FI903C]
Внутренний #1: Запуск olaticket
2024-05-12 22:04:04 [2@DESKTOP-4FI903C]
Внутренний #1: Запуск mailgate
2024-05-12 23:00:34 [2@DESKTOP-4FI903C]
Внутренний #1: Запуск temp
2024-05-13 00:12:09 [2@DESKTOP-4FI903C]
Внутренний #1: Запуск slaticket
2024-05-13 00:16:45 [@DESKTOP-4FI903C]
Внутренний #1: Запуск queuednotification
2024-05-13 00:17:56 [@DESKTOP-4FI903C]
Внутренний #1: Запуск planningrecall
2024-05-13 00:18:04 [@DESKTOP-4FI903C]
Внутренний #1: Запуск olaticket
2024-05-13 00:18:27 [@DESKTOP-4FI903C]
Внутренний #1: Запуск mailgate
2024-05-13 00:20:14 [@DESKTOP-4FI903C]
Внутренний #1: Запуск graph
2024-05-13 00:23:43 [@DESKTOP-4FI903C]
Внутренний #1: Запуск reservation
2024-05-13 00:24:25 [@DESKTOP-4FI903C]
Внутренний #1: Запуск RecurrentItems
2024-05-13 00:34:34 [2@DESKTOP-4FI903C]
Внутренний #1: Запуск temp
2024-05-14 22:02:32 [2@DESKTOP-4FI903C]
Внутренний #1: Запуск slaticket
2024-05-14 22:36:39 [2@DESKTOP-4FI903C]
Внутренний #1: Запуск queuednotification
2024-05-14 22:55:26 [2@DESKTOP-4FI903C]
Внутренний #1: Запуск planningrecall
2024-05-14 23:15:13 [2@DESKTOP-4FI903C]
Внутренний #1: Запуск olaticket
2024-05-14 23:24:31 [2@DESKTOP-4FI903C]
Внутренний #1: Запуск mailgate
2024-05-14 23:30:26 [2@DESKTOP-4FI903C]
Внутренний #1: Запуск contract
2024-05-15 17:43:13 [2@DESKTOP-4FI903C]
Внутренний #1: Запуск infocom
2024-05-15 17:59:42 [2@DESKTOP-4FI903C]
Внутренний #1: Запуск graph
2024-05-15 18:07:12 [2@DESKTOP-4FI903C]
Внутренний #1: Запуск reservation
2024-05-15 18:12:30 [2@DESKTOP-4FI903C]
Внутренний #1: Запуск RecurrentItems
2024-05-15 18:17:46 [2@DESKTOP-4FI903C]
Внутренний #1: Запуск temp
2024-05-15 18:23:16 [2@DESKTOP-4FI903C]
Внутренний #1: Запуск closeticket
2024-05-15 18:30:27 [2@DESKTOP-4FI903C]
Внутренний #1: Запуск alertnotclosed
2024-05-15 19:16:59 [2@DESKTOP-4FI903C]
Внутренний #1: Запуск session
2024-05-15 19:23:02 [2@DESKTOP-4FI903C]
Внутренний #1: Запуск createinquest
2024-05-15 19:25:57 [@DESKTOP-4FI903C]
Внутренний #1: Запуск watcher
2024-05-15 19:28:02 [@DESKTOP-4FI903C]
Внутренний #1: Запуск queuednotificationclean
2024-05-15 19:28:39 [@DESKTOP-4FI903C]
Внутренний #1: Запуск mailgateerror
2024-05-15 19:33:47 [2@DESKTOP-4FI903C]
Внутренний #1: Запуск certificate
2024-05-15 19:35:56 [@DESKTOP-4FI903C]
Внутренний #1: Запуск slaticket
2024-05-15 19:38:36 [@DESKTOP-4FI903C]
Внутренний #1: Запуск queuednotification
2024-05-15 19:39:34 [@DESKTOP-4FI903C]
Внутренний #1: Запуск planningrecall
2024-05-15 21:07:07 [2@DESKTOP-4FI903C]
Внутренний #1: Запуск olaticket
2024-05-15 21:12:51 [@DESKTOP-4FI903C]
Внутренний #1: Запуск mailgate
2024-05-15 21:14:08 [@DESKTOP-4FI903C]
Внутренний #1: Запуск graph
2024-05-15 21:14:26 [@DESKTOP-4FI903C]
Внутренний #1: Запуск reservation
2024-05-15 21:15:55 [@DESKTOP-4FI903C]
Внутренний #1: Запуск RecurrentItems
2024-05-15 21:16:23 [@DESKTOP-4FI903C]
Внутренний #1: Запуск temp
2024-05-15 21:17:29 [@DESKTOP-4FI903C]
Внутренний #1: Запуск queuednotification
2024-05-15 21:18:00 [@DESKTOP-4FI903C]
Внутренний #1: Запуск slaticket
2024-05-15 21:18:07 [@DESKTOP-4FI903C]
Внутренний #1: Запуск planningrecall
2024-05-15 21:18:27 [@DESKTOP-4FI903C]
Внутренний #1: Запуск olaticket
2024-05-15 21:55:03 [5@DESKTOP-4FI903C]
Внутренний #1: Запуск queuednotification
2024-05-15 21:55:18 [@DESKTOP-4FI903C]
Внутренний #1: Запуск mailgate
2024-05-15 22:02:40 [4@DESKTOP-4FI903C]
Внутренний #1: Запуск slaticket
2024-05-15 22:02:59 [@DESKTOP-4FI903C]
Внутренний #1: Запуск planningrecall
2024-05-15 22:03:32 [@DESKTOP-4FI903C]
Внутренний #1: Запуск olaticket
2024-05-15 22:03:36 [@DESKTOP-4FI903C]
Внутренний #1: Запуск queuednotification
2024-05-15 22:04:07 [@DESKTOP-4FI903C]
Внутренний #1: Запуск queuednotification
2024-05-15 22:04:36 [@DESKTOP-4FI903C]
Внутренний #1: Нет ничего для запуска
2024-05-15 22:09:54 [2@DESKTOP-4FI903C]
Внутренний #1: Запуск mailgate
2024-05-18 15:35:35 [2@DESKTOP-4FI903C]
Внутренний #1: Запуск queuednotification
2024-05-18 16:44:35 [2@DESKTOP-4FI903C]
Внутренний #1: Запуск slaticket
2024-05-19 00:26:48 [2@DESKTOP-4FI903C]
Внутренний #1: Запуск planningrecall
2024-05-19 00:44:00 [2@DESKTOP-4FI903C]
Внутренний #1: Запуск olaticket
2024-05-20 09:23:46 [2@DESKTOP-4FI903C]
Внутренний #1: Запуск graph
2024-05-20 09:31:18 [2@DESKTOP-4FI903C]
Внутренний #1: Запуск reservation
2024-05-20 09:36:47 [2@DESKTOP-4FI903C]
Внутренний #1: Запуск RecurrentItems
2024-05-20 09:42:04 [2@DESKTOP-4FI903C]
Внутренний #1: Запуск temp
2024-05-20 09:47:29 [2@DESKTOP-4FI903C]
Внутренний #1: Запуск mailgate
2024-05-20 09:52:58 [2@DESKTOP-4FI903C]
Внутренний #1: Запуск contract
2024-05-20 09:58:39 [2@DESKTOP-4FI903C]
Внутренний #1: Запуск closeticket
2024-05-20 10:01:52 [@DESKTOP-4FI903C]
Внутренний #1: Запуск alertnotclosed
2024-05-20 10:03:12 [@DESKTOP-4FI903C]
Внутренний #1: Запуск infocom
2024-05-20 10:03:59 [@DESKTOP-4FI903C]
Внутренний #1: Запуск session
2024-05-20 10:06:44 [@DESKTOP-4FI903C]
Внутренний #1: Запуск createinquest
2024-05-20 10:07:34 [@DESKTOP-4FI903C]
Внутренний #1: Запуск watcher
2024-05-20 17:07:48 [@DESKTOP-4FI903C]
Внутренний #1: Запуск queuednotificationclean
2024-05-20 17:07:59 [@DESKTOP-4FI903C]
Внутренний #1: Запуск mailgateerror
2024-05-20 17:14:12 [2@DESKTOP-4FI903C]
Внутренний #1: Запуск certificate
2024-05-21 13:18:39 [2@DESKTOP-4FI903C]
Внутренний #1: Запуск queuednotification
2024-05-21 13:23:40 [2@DESKTOP-4FI903C]
Внутренний #1: Запуск slaticket
2024-05-21 13:24:43 [@DESKTOP-4FI903C]
Внутренний #1: Запуск planningrecall
2024-05-21 13:25:55 [@DESKTOP-4FI903C]
Внутренний #1: Запуск olaticket
2024-05-21 13:28:05 [@DESKTOP-4FI903C]
Внутренний #1: Запуск mailgate
2024-05-21 13:29:22 [@DESKTOP-4FI903C]
Внутренний #1: Запуск graph
2024-05-21 13:29:59 [@DESKTOP-4FI903C]
Внутренний #1: Запуск reservation
2024-05-21 13:35:26 [2@DESKTOP-4FI903C]
Внутренний #1: Запуск RecurrentItems
2024-05-21 13:42:53 [2@DESKTOP-4FI903C]
Внутренний #1: Запуск temp
2024-05-21 13:47:56 [2@DESKTOP-4FI903C]
Внутренний #1: Запуск closeticket
2024-05-21 13:52:59 [2@DESKTOP-4FI903C]
Внутренний #1: Запуск alertnotclosed
2024-05-21 13:53:59 [@DESKTOP-4FI903C]
Внутренний #1: Запуск contract
2024-05-21 14:04:52 [2@DESKTOP-4FI903C]
Внутренний #1: Запуск infocom
2024-05-21 14:17:21 [2@DESKTOP-4FI903C]
Internal #1: Launch session
2024-05-21 14:24:50 [2@DESKTOP-4FI903C]
Internal #1: Launch createinquest
2024-05-21 14:36:11 [2@DESKTOP-4FI903C]
Внутренний #1: Запуск watcher
2024-05-21 14:41:25 [2@DESKTOP-4FI903C]
Внутренний #1: Запуск queuednotification
2024-05-21 14:52:06 [2@DESKTOP-4FI903C]
Внутренний #1: Запуск slaticket
2024-05-21 14:57:37 [2@DESKTOP-4FI903C]
Внутренний #1: Запуск planningrecall
2024-05-21 15:03:01 [2@DESKTOP-4FI903C]
Внутренний #1: Запуск olaticket
2024-05-21 15:08:19 [2@DESKTOP-4FI903C]
Внутренний #1: Запуск mailgate
2024-05-21 20:56:28 [2@DESKTOP-4FI903C]
Внутренний #1: Запуск graph
2024-05-21 21:26:10 [2@DESKTOP-4FI903C]
Внутренний #1: Запуск reservation
2024-05-21 21:36:19 [2@DESKTOP-4FI903C]
Внутренний #1: Запуск RecurrentItems
2024-05-21 22:36:26 [2@DESKTOP-4FI903C]
Внутренний #1: Запуск queuednotification
2024-05-21 22:42:13 [2@DESKTOP-4FI903C]
Internal #1: Launch temp
2024-05-22 14:53:59 [@DESKTOP-4FI903C]
Внутренний #1: Запуск slaticket
2024-05-22 14:54:45 [@DESKTOP-4FI903C]
Внутренний #1: Запуск planningrecall
2024-05-22 14:55:11 [@DESKTOP-4FI903C]
Внутренний #1: Запуск olaticket
2024-05-22 15:13:27 [@DESKTOP-4FI903C]
Внутренний #1: Запуск mailgate
2024-05-22 15:14:20 [@DESKTOP-4FI903C]
Внутренний #1: Запуск queuednotificationclean
2024-05-22 15:20:18 [2@DESKTOP-4FI903C]
Внутренний #1: Запуск mailgateerror
2024-05-22 16:17:34 [2@DESKTOP-4FI903C]
Внутренний #1: Запуск certificate
2024-05-22 16:22:46 [2@DESKTOP-4FI903C]
Внутренний #1: Запуск graph
2024-05-22 16:45:03 [2@DESKTOP-4FI903C]
Внутренний #1: Запуск reservation
2024-05-22 16:50:12 [2@DESKTOP-4FI903C]
Внутренний #1: Запуск RecurrentItems
2024-05-22 17:15:50 [2@DESKTOP-4FI903C]
Внутренний #1: Запуск queuednotification
2024-05-22 17:20:52 [2@DESKTOP-4FI903C]
Внутренний #1: Запуск temp
2024-05-22 17:25:58 [2@DESKTOP-4FI903C]
Внутренний #1: Запуск closeticket
2024-05-22 18:22:51 [2@DESKTOP-4FI903C]
Внутренний #1: Запуск alertnotclosed
2024-05-22 18:29:13 [2@DESKTOP-4FI903C]
Внутренний #1: Запуск contract
2024-05-22 20:05:18 [2@DESKTOP-4FI903C]
Внутренний #1: Запуск infocom
2024-05-22 20:13:02 [2@DESKTOP-4FI903C]
Внутренний #1: Запуск session
2024-05-22 20:18:41 [2@DESKTOP-4FI903C]
Внутренний #1: Запуск createinquest
2024-05-22 20:53:14 [2@DESKTOP-4FI903C]
Внутренний #1: Запуск watcher
2024-05-22 21:04:13 [2@DESKTOP-4FI903C]
Внутренний #1: Запуск slaticket
2024-05-22 21:09:47 [2@DESKTOP-4FI903C]
Внутренний #1: Запуск planningrecall
2024-05-22 21:20:26 [2@DESKTOP-4FI903C]
Внутренний #1: Запуск olaticket
2024-05-22 21:27:40 [2@DESKTOP-4FI903C]
Внутренний #1: Запуск mailgate
2024-05-22 21:32:45 [2@DESKTOP-4FI903C]
Внутренний #1: Запуск queuednotification
2024-05-22 21:38:44 [2@DESKTOP-4FI903C]
Внутренний #1: Запуск graph
2024-05-22 21:44:26 [2@DESKTOP-4FI903C]
Internal #1: Launch reservation
2024-05-22 21:49:39 [2@DESKTOP-4FI903C]
Внутренний #1: Запуск RecurrentItems
2024-05-22 21:54:59 [2@DESKTOP-4FI903C]
Внутренний #1: Запуск temp
2024-05-22 22:02:18 [2@DESKTOP-4FI903C]
Внутренний #1: Запуск slaticket
2024-05-22 22:10:33 [2@DESKTOP-4FI903C]
Внутренний #1: Запуск planningrecall
2024-05-22 22:16:10 [2@DESKTOP-4FI903C]
Внутренний #1: Запуск olaticket
2024-05-22 22:22:32 [2@DESKTOP-4FI903C]
Внутренний #1: Запуск queuednotification
2024-05-22 22:27:45 [2@DESKTOP-4FI903C]
Внутренний #1: Запуск mailgate
2024-05-22 22:32:50 [2@DESKTOP-4FI903C]
Внутренний #1: Запуск slaticket
2024-05-22 22:38:10 [2@DESKTOP-4FI903C]
Внутренний #1: Запуск planningrecall
2024-05-22 22:44:48 [2@DESKTOP-4FI903C]
Internal #1: Launch olaticket
2024-05-22 22:50:28 [2@DESKTOP-4FI903C]
Внутренний #1: Запуск queuednotification
2024-05-22 22:56:00 [2@DESKTOP-4FI903C]
Внутренний #1: Запуск mailgate
2024-05-22 23:01:22 [2@DESKTOP-4FI903C]
Внутренний #1: Запуск slaticket
2024-05-22 23:07:49 [2@DESKTOP-4FI903C]
Внутренний #1: Запуск graph
2024-05-22 23:13:17 [2@DESKTOP-4FI903C]
Внутренний #1: Запуск planningrecall
2024-05-22 23:18:25 [2@DESKTOP-4FI903C]
Внутренний #1: Запуск reservation
2024-05-22 23:26:23 [2@DESKTOP-4FI903C]
Внутренний #1: Запуск RecurrentItems
2024-05-23 20:10:49 [2@DESKTOP-4FI903C]
Внутренний #1: Запуск olaticket
2024-05-23 20:16:34 [2@DESKTOP-4FI903C]
Внутренний #1: Запуск queuednotification
2024-05-23 20:29:44 [2@DESKTOP-4FI903C]
Внутренний #1: Запуск temp
2024-05-23 20:35:41 [2@DESKTOP-4FI903C]
Внутренний #1: Запуск mailgate
2024-05-23 20:45:39 [2@DESKTOP-4FI903C]
Внутренний #1: Запуск slaticket
2024-05-23 21:56:37 [2@DESKTOP-4FI903C]
Внутренний #1: Запуск planningrecall
2024-05-23 22:04:25 [2@DESKTOP-4FI903C]
Внутренний #1: Запуск graph
2024-05-24 06:58:01 [2@DESKTOP-4FI903C]
Внутренний #1: Запуск reservation
2024-05-24 09:16:49 [2@DESKTOP-4FI903C]
Внутренний #1: Запуск RecurrentItems
2024-05-24 11:11:15 [2@DESKTOP-4FI903C]
Внутренний #1: Запуск closeticket
2024-05-24 11:16:43 [2@DESKTOP-4FI903C]
Внутренний #1: Запуск alertnotclosed
2024-05-24 11:23:23 [2@DESKTOP-4FI903C]
Внутренний #1: Запуск queuednotificationclean
2024-05-24 11:29:03 [2@DESKTOP-4FI903C]
Внутренний #1: Запуск mailgateerror
2024-05-24 11:35:04 [2@DESKTOP-4FI903C]
Внутренний #1: Запуск certificate
2024-05-24 11:35:09 [@DESKTOP-4FI903C]
Внутренний #1: Запуск contract
2024-05-24 12:16:17 [2@DESKTOP-4FI903C]
Внутренний #1: Запуск infocom
2024-05-24 13:45:46 [2@DESKTOP-4FI903C]
Внутренний #1: Запуск session
2024-05-24 14:31:36 [@DESKTOP-4FI903C]
Внутренний #1: Запуск olaticket
2024-05-24 14:31:53 [@DESKTOP-4FI903C]
Внутренний #1: Запуск queuednotification
2024-05-24 14:34:58 [@DESKTOP-4FI903C]
Внутренний #1: Запуск createinquest
2024-05-24 14:35:49 [@DESKTOP-4FI903C]
Внутренний #1: Запуск mailgate
2024-05-24 14:37:13 [@DESKTOP-4FI903C]
Внутренний #1: Запуск slaticket
2024-05-24 14:37:19 [@DESKTOP-4FI903C]
Внутренний #1: Запуск watcher
2024-05-24 14:38:28 [@DESKTOP-4FI903C]
Внутренний #1: Запуск temp
2024-05-24 14:39:06 [@DESKTOP-4FI903C]
Внутренний #1: Запуск planningrecall
2024-05-24 14:39:34 [@DESKTOP-4FI903C]
Внутренний #1: Запуск graph
2024-05-24 14:40:36 [@DESKTOP-4FI903C]
Внутренний #1: Запуск reservation
2024-05-24 14:41:09 [@DESKTOP-4FI903C]
Внутренний #1: Запуск RecurrentItems
2024-05-29 10:01:28 [2@DESKTOP-4FI903C]
Внутренний #1: Запуск queuednotification
2024-05-29 10:15:33 [2@DESKTOP-4FI903C]
Внутренний #1: Запуск olaticket
2024-05-29 10:22:06 [2@DESKTOP-4FI903C]
Внутренний #1: Запуск slaticket
2024-05-29 10:35:23 [2@DESKTOP-4FI903C]
Внутренний #1: Запуск temp
2024-05-29 10:43:21 [2@DESKTOP-4FI903C]
Внутренний #1: Запуск graph
